0 info it worked if it ends with ok
1 verbose cli [ '/Users/mr.nick/.nvm/versions/node/v6.11.5/bin/node',
1 verbose cli   '/Users/mr.nick/.nvm/versions/node/v6.11.5/bin/npm',
1 verbose cli   'run',
1 verbose cli   'clear' ]
2 info using npm@3.10.10
3 info using node@v6.11.5
4 verbose run-script [ 'preclear', 'clear', 'postclear' ]
5 info lifecycle snorlax@1.0.0~preclear: snorlax@1.0.0
6 silly lifecycle snorlax@1.0.0~preclear: no script for preclear, continuing
7 info lifecycle snorlax@1.0.0~clear: snorlax@1.0.0
8 verbose lifecycle snorlax@1.0.0~clear: unsafe-perm in lifecycle true
9 verbose lifecycle snorlax@1.0.0~clear: PATH: /Users/mr.nick/.nvm/versions/node/v6.11.5/lib/node_modules/npm/bin/node-gyp-bin:/Users/mr.nick/Development/HackReactor/Snorlax27/node_modules/.bin:/Users/mr.nick/.nvm/versions/node/v6.11.5/bin:/usr/local/bin:/usr/bin:/bin:/usr/sbin:/sbin
10 verbose lifecycle snorlax@1.0.0~clear: CWD: /Users/mr.nick/Development/HackReactor/Snorlax27
11 silly lifecycle snorlax@1.0.0~clear: Args: [ '-c', 'node clearData.js' ]
12 silly lifecycle snorlax@1.0.0~clear: Returned: code: 1  signal: null
13 info lifecycle snorlax@1.0.0~clear: Failed to exec clear script
14 verbose stack Error: snorlax@1.0.0 clear: `node clearData.js`
14 verbose stack Exit status 1
14 verbose stack     at EventEmitter.<anonymous> (/Users/mr.nick/.nvm/versions/node/v6.11.5/lib/node_modules/npm/lib/utils/lifecycle.js:255:16)
14 verbose stack     at emitTwo (events.js:106:13)
14 verbose stack     at EventEmitter.emit (events.js:191:7)
14 verbose stack     at ChildProcess.<anonymous> (/Users/mr.nick/.nvm/versions/node/v6.11.5/lib/node_modules/npm/lib/utils/spawn.js:40:14)
14 verbose stack     at emitTwo (events.js:106:13)
14 verbose stack     at ChildProcess.emit (events.js:191:7)
14 verbose stack     at maybeClose (internal/child_process.js:920:16)
14 verbose stack     at Process.ChildProcess._handle.onexit (internal/child_process.js:230:5)
15 verbose pkgid snorlax@1.0.0
16 verbose cwd /Users/mr.nick/Development/HackReactor/Snorlax27
17 error Darwin 16.7.0
18 error argv "/Users/mr.nick/.nvm/versions/node/v6.11.5/bin/node" "/Users/mr.nick/.nvm/versions/node/v6.11.5/bin/npm" "run" "clear"
19 error node v6.11.5
20 error npm  v3.10.10
21 error code ELIFECYCLE
22 error snorlax@1.0.0 clear: `node clearData.js`
22 error Exit status 1
23 error Failed at the snorlax@1.0.0 clear script 'node clearData.js'.
23 error Make sure you have the latest version of node.js and npm installed.
23 error If you do, this is most likely a problem with the snorlax package,
23 error not with npm itself.
23 error Tell the author that this fails on your system:
23 error     node clearData.js
23 error You can get information on how to open an issue for this project with:
23 error     npm bugs snorlax
23 error Or if that isn't available, you can get their info via:
23 error     npm owner ls snorlax
23 error There is likely additional logging output above.
24 verbose exit [ 1, true ]
